d:\darknet\dataloader\datacpp\project1\x64\release\vc142.pdb
d:\darknet\dataloader\datacpp\project1\x64\release\main.obj
d:\darknet\dataloader\datacpp\project1\x64\release\loader.obj
d:\darknet\dataloader\datacpp\project1\x64\release\heatmap.obj
d:\darknet\dataloader\datacpp\project1\x64\release\data.obj
d:\darknet\dataloader\datacpp\project1\x64\release\tinyxml2.obj
d:\darknet\dataloader\datacpp\x64\release\datacpp.lib
d:\darknet\dataloader\datacpp\x64\release\datacpp.exp
d:\darknet\dataloader\datacpp\x64\release\datacpp.ipdb
d:\darknet\dataloader\datacpp\x64\release\datacpp.iobj
d:\darknet\dataloader\datacpp\x64\release\datacpp.pyd
d:\darknet\dataloader\datacpp\x64\release\datacpp.pdb
d:\darknet\dataloader\datacpp\x64\release\datacpp.exe
d:\darknet\dataloader\datacpp\project1\x64\release\datacpp.tlog\cl.command.1.tlog
d:\darknet\dataloader\datacpp\project1\x64\release\datacpp.tlog\cl.read.1.tlog
d:\darknet\dataloader\datacpp\project1\x64\release\datacpp.tlog\cl.write.1.tlog
d:\darknet\dataloader\datacpp\project1\x64\release\datacpp.tlog\clang-cl.16144.delete.1.tlog
d:\darknet\dataloader\datacpp\project1\x64\release\datacpp.tlog\clang-cl.16144.write.1.tlog
d:\darknet\dataloader\datacpp\project1\x64\release\datacpp.tlog\clang-cl.18112.delete.1.tlog
d:\darknet\dataloader\datacpp\project1\x64\release\datacpp.tlog\clang-cl.18628.delete.1.tlog
d:\darknet\dataloader\datacpp\project1\x64\release\datacpp.tlog\clang-cl.4300.delete.1.tlog
d:\darknet\dataloader\datacpp\project1\x64\release\datacpp.tlog\clang-cl.5216.delete.1.tlog
d:\darknet\dataloader\datacpp\project1\x64\release\datacpp.tlog\clang-cl.6304.delete.1.tlog
d:\darknet\dataloader\datacpp\project1\x64\release\datacpp.tlog\clang-cl.8044.delete.1.tlog
d:\darknet\dataloader\datacpp\project1\x64\release\datacpp.tlog\clang-cl.8380.delete.1.tlog
d:\darknet\dataloader\datacpp\project1\x64\release\datacpp.tlog\clang-cl.9724.delete.1.tlog
d:\darknet\dataloader\datacpp\project1\x64\release\datacpp.tlog\clang-cl.9932.delete.1.tlog
d:\darknet\dataloader\datacpp\project1\x64\release\datacpp.tlog\clang-cl.command.1.tlog
d:\darknet\dataloader\datacpp\project1\x64\release\datacpp.tlog\clang-cl.read.1.tlog
d:\darknet\dataloader\datacpp\project1\x64\release\datacpp.tlog\datacpp.write.1u.tlog
d:\darknet\dataloader\datacpp\project1\x64\release\datacpp.tlog\link.command.1.tlog
d:\darknet\dataloader\datacpp\project1\x64\release\datacpp.tlog\link.delete.1.tlog
d:\darknet\dataloader\datacpp\project1\x64\release\datacpp.tlog\link.read.1.tlog
d:\darknet\dataloader\datacpp\project1\x64\release\datacpp.tlog\link.write.1.tlog
d:\darknet\dataloader\datacpp\project1\x64\release\datacpp.tlog\lld-link.command.1.tlog
d:\darknet\dataloader\datacpp\project1\x64\release\datacpp.tlog\lld-link.delete.1.tlog
d:\darknet\dataloader\datacpp\project1\x64\release\datacpp.tlog\lld-link.read.1.tlog
d:\darknet\dataloader\datacpp\project1\x64\release\datacpp.tlog\lld-link.write.1.tlog
